<?xml version="1.0" encoding="UTF-8"?>
<testng-results ignored="0" total="3" passed="3" failed="0" skipped="0">
  <reporter-output>
  </reporter-output>
  <suite started-at="2022-07-02T11:44:58 IST" name="Default suite" finished-at="2022-07-02T11:45:16 IST" duration-ms="18210">
    <groups>
    </groups>
    <test started-at="2022-07-02T11:44:58 IST" name="Default test" finished-at="2022-07-02T11:45:16 IST" duration-ms="18210">
      <class name="Test_POST">
        <test-method signature="Test_2_PUT()[pri:0, instance:Test_POST@4a7f959b]" started-at="2022-07-02T11:44:58 IST" name="Test_2_PUT" finished-at="2022-07-02T11:45:14 IST" duration-ms="15969" status="PASS">
          <reporter-output>
          </reporter-output>
        </test-method> <!-- Test_2_PUT -->
        <test-method signature="Test_3_Patch()[pri:0, instance:Test_POST@4a7f959b]" started-at="2022-07-02T11:45:15 IST" name="Test_3_Patch" finished-at="2022-07-02T11:45:15 IST" duration-ms="868" status="PASS">
          <reporter-output>
          </reporter-output>
        </test-method> <!-- Test_3_Patch -->
        <test-method signature="Test_4_Delete()[pri:0, instance:Test_POST@4a7f959b]" started-at="2022-07-02T11:45:15 IST" name="Test_4_Delete" finished-at="2022-07-02T11:45:16 IST" duration-ms="821" status="PASS">
          <reporter-output>
          </reporter-output>
        </test-method> <!-- Test_4_Delete -->
      </class> <!-- Test_POST -->
    </test> <!-- Default test -->
  </suite> <!-- Default suite -->
</testng-results>
